<?xml version="1.0" encoding="UTF-8"?>
<!-- Generated by org.testng.reporters.JUnitReportReporter -->
<testsuite hostname="vimal" failures="0" tests="3" name="testCases.TC002_LoginTest" time="5.155" errors="0" timestamp="2025-01-02T19:54:50 IST" skipped="0">
  <testcase classname="testCases.TC002_LoginTest" name="verify_login" time="1.522"/>
  <testcase classname="testCases.TC002_LoginTest" name="verify_login" time="1.990"/>
  <testcase classname="testCases.TC002_LoginTest" name="verify_login" time="1.643"/>
</testsuite> <!-- testCases.TC002_LoginTest -->
