<?xml version="1.0" encoding="UTF-8"?>
<!-- Generated by org.testng.reporters.JUnitReportReporter -->
<testsuite hostname="vimal" failures="0" tests="1" name="testCases.RegressionTests" time="0.002" errors="0" timestamp="2024-12-26T02:47:24 IST" skipped="0">
  <testcase classname="testCases.RegressionTests" name="testSanityThree" time="0.002"/>
</testsuite> <!-- testCases.RegressionTests -->
