<?xml version="1.0" encoding="UTF-8"?>
<!-- Generated by org.testng.reporters.JUnitReportReporter -->
<testsuite hostname="vimal" failures="0" tests="15" name="testCases.TC003_LoginDDT" time="25.761" errors="0" timestamp="2024-12-26T18:36:59 IST" skipped="0">
  <testcase classname="testCases.TC003_LoginDDT" name="verify_LoginDDT" time="1.655"/>
  <testcase classname="testCases.TC003_LoginDDT" name="verify_LoginDDT" time="1.461"/>
  <testcase classname="testCases.TC003_LoginDDT" name="verify_LoginDDT" time="2.952"/>
  <testcase classname="testCases.TC003_LoginDDT" name="verify_LoginDDT" time="2.836"/>
  <testcase classname="testCases.TC003_LoginDDT" name="verify_LoginDDT" time="1.301"/>
  <testcase classname="testCases.TC003_LoginDDT" name="verify_LoginDDT" time="1.063"/>
  <testcase classname="testCases.TC003_LoginDDT" name="verify_LoginDDT" time="1.321"/>
  <testcase classname="testCases.TC003_LoginDDT" name="verify_LoginDDT" time="1.449"/>
  <testcase classname="testCases.TC003_LoginDDT" name="verify_LoginDDT" time="2.157"/>
  <testcase classname="testCases.TC003_LoginDDT" name="verify_LoginDDT" time="1.120"/>
  <testcase classname="testCases.TC003_LoginDDT" name="verify_LoginDDT" time="1.443"/>
  <testcase classname="testCases.TC003_LoginDDT" name="verify_LoginDDT" time="1.809"/>
  <testcase classname="testCases.TC003_LoginDDT" name="verify_LoginDDT" time="2.434"/>
  <testcase classname="testCases.TC003_LoginDDT" name="verify_LoginDDT" time="1.661"/>
  <testcase classname="testCases.TC003_LoginDDT" name="verify_LoginDDT" time="1.099"/>
</testsuite> <!-- testCases.TC003_LoginDDT -->
