<?xml version="1.0" encoding="UTF-8"?>
<!-- Generated by org.testng.reporters.JUnitReportReporter -->
<testsuite hostname="vimal" failures="0" tests="15" name="testCases.TC003_LoginDDT" time="23.341" errors="0" timestamp="2025-01-02T19:54:50 IST" skipped="0">
  <testcase classname="testCases.TC003_LoginDDT" name="verify_LoginDDT" time="2.258"/>
  <testcase classname="testCases.TC003_LoginDDT" name="verify_LoginDDT" time="1.517"/>
  <testcase classname="testCases.TC003_LoginDDT" name="verify_LoginDDT" time="1.343"/>
  <testcase classname="testCases.TC003_LoginDDT" name="verify_LoginDDT" time="1.540"/>
  <testcase classname="testCases.TC003_LoginDDT" name="verify_LoginDDT" time="0.952"/>
  <testcase classname="testCases.TC003_LoginDDT" name="verify_LoginDDT" time="2.637"/>
  <testcase classname="testCases.TC003_LoginDDT" name="verify_LoginDDT" time="1.568"/>
  <testcase classname="testCases.TC003_LoginDDT" name="verify_LoginDDT" time="1.185"/>
  <testcase classname="testCases.TC003_LoginDDT" name="verify_LoginDDT" time="1.342"/>
  <testcase classname="testCases.TC003_LoginDDT" name="verify_LoginDDT" time="1.241"/>
  <testcase classname="testCases.TC003_LoginDDT" name="verify_LoginDDT" time="1.903"/>
  <testcase classname="testCases.TC003_LoginDDT" name="verify_LoginDDT" time="1.832"/>
  <testcase classname="testCases.TC003_LoginDDT" name="verify_LoginDDT" time="1.240"/>
  <testcase classname="testCases.TC003_LoginDDT" name="verify_LoginDDT" time="1.030"/>
  <testcase classname="testCases.TC003_LoginDDT" name="verify_LoginDDT" time="1.753"/>
</testsuite> <!-- testCases.TC003_LoginDDT -->
