<?xml version="1.0" encoding="UTF-8"?>
<!-- Generated by org.testng.reporters.JUnitReportReporter -->
<testsuite hostname="vimal" failures="0" tests="3" name="testCases.TC002_LoginTest" time="6.286" errors="0" timestamp="2024-12-26T18:36:59 IST" skipped="0">
  <testcase classname="testCases.TC002_LoginTest" name="verify_login" time="1.470"/>
  <testcase classname="testCases.TC002_LoginTest" name="verify_login" time="3.094"/>
  <testcase classname="testCases.TC002_LoginTest" name="verify_login" time="1.722"/>
</testsuite> <!-- testCases.TC002_LoginTest -->
