<?xml version="1.0" encoding="UTF-8"?>
<!-- Generated by org.testng.reporters.JUnitReportReporter -->
<testsuite hostname="vimal" failures="0" tests="2" name="testCases.SanityTests" time="0.018" errors="0" timestamp="2024-12-26T02:47:24 IST" skipped="0">
  <testcase classname="testCases.SanityTests" name="testSanityTwo" time="0.002"/>
  <testcase classname="testCases.SanityTests" name="testSanityOne" time="0.016"/>
</testsuite> <!-- testCases.SanityTests -->
