<?xml version="1.0" encoding="UTF-8"?>
<!-- Generated by org.testng.reporters.JUnitReportReporter -->
<testsuite hostname="vimal" failures="0" tests="5" name="testCases.TC003_LoginDDT" time="9.012" errors="0" timestamp="2024-12-26T19:10:56 IST" skipped="0">
  <testcase classname="testCases.TC003_LoginDDT" name="verify_LoginDDT" time="1.258"/>
  <testcase classname="testCases.TC003_LoginDDT" name="verify_LoginDDT" time="1.287"/>
  <testcase classname="testCases.TC003_LoginDDT" name="verify_LoginDDT" time="2.842"/>
  <testcase classname="testCases.TC003_LoginDDT" name="verify_LoginDDT" time="1.557"/>
  <testcase classname="testCases.TC003_LoginDDT" name="verify_LoginDDT" time="2.068"/>
</testsuite> <!-- testCases.TC003_LoginDDT -->
