<?xml version="1.0" encoding="UTF-8"?>
<!-- Generated by org.testng.reporters.JUnitReportReporter -->
<testsuite hostname="vimal" failures="0" tests="5" name="testCases.TC003_LoginDDT" time="9.709" errors="0" timestamp="2025-01-01T06:00:42 IST" skipped="0">
  <testcase classname="testCases.TC003_LoginDDT" name="verify_LoginDDT" time="1.545"/>
  <testcase classname="testCases.TC003_LoginDDT" name="verify_LoginDDT" time="2.002"/>
  <testcase classname="testCases.TC003_LoginDDT" name="verify_LoginDDT" time="1.390"/>
  <testcase classname="testCases.TC003_LoginDDT" name="verify_LoginDDT" time="3.218"/>
  <testcase classname="testCases.TC003_LoginDDT" name="verify_LoginDDT" time="1.554"/>
</testsuite> <!-- testCases.TC003_LoginDDT -->
